[2025-05-28T17:00:07.660Z] ERROR: POST /login - Email is required AppError: Email is required
    at validateFbLoginInput (file:///C:/vibecode/fb-phish/src/middlewares/validateRequest.js:8:19)
    at Layer.handleRequest (C:\vibecode\fb-phish\node_modules\router\lib\layer.js:152:17)
    at next (C:\vibecode\fb-phish\node_modules\router\lib\route.js:157:13)
    at Route.dispatch (C:\vibecode\fb-phish\node_modules\router\lib\route.js:117:3)
    at handle (C:\vibecode\fb-phish\node_modules\router\index.js:435:11)
    at Layer.handleRequest (C:\vibecode\fb-phish\node_modules\router\lib\layer.js:152:17)
    at C:\vibecode\fb-phish\node_modules\router\index.js:295:15
    at processParams (C:\vibecode\fb-phish\node_modules\router\index.js:582:12)
    at next (C:\vibecode\fb-phish\node_modules\router\index.js:291:5)
    at Function.handle (C:\vibecode\fb-phish\node_modules\router\index.js:186:3)
[2025-05-28T17:00:29.100Z] ERROR: POST /login - Expected double-quoted property name in JSON at position 42 (line 4 column 1) SyntaxError: Expected double-quoted property name in JSON at position 42 (line 4 column 1)
    at JSON.parse (<anonymous>)
    at parse (C:\vibecode\fb-phish\node_modules\body-parser\lib\types\json.js:77:19)
    at C:\vibecode\fb-phish\node_modules\body-parser\lib\read.js:123:18
    at AsyncResource.runInAsyncScope (node:async_hooks:214:14)
    at invokeCallback (C:\vibecode\fb-phish\node_modules\raw-body\index.js:238:16)
    at done (C:\vibecode\fb-phish\node_modules\raw-body\index.js:227:7)
    at IncomingMessage.onEnd (C:\vibecode\fb-phish\node_modules\raw-body\index.js:287:7)
    at IncomingMessage.emit (node:events:518:28)
    at endReadableNT (node:internal/streams/readable:1698:12)
    at process.processTicksAndRejections (node:internal/process/task_queues:90:21)
[2025-05-28T17:00:37.896Z] ERROR: POST /login - Password is required AppError: Password is required
    at validateFbLoginInput (file:///C:/vibecode/fb-phish/src/middlewares/validateRequest.js:8:19)
    at Layer.handleRequest (C:\vibecode\fb-phish\node_modules\router\lib\layer.js:152:17)
    at next (C:\vibecode\fb-phish\node_modules\router\lib\route.js:157:13)
    at Route.dispatch (C:\vibecode\fb-phish\node_modules\router\lib\route.js:117:3)
    at handle (C:\vibecode\fb-phish\node_modules\router\index.js:435:11)
    at Layer.handleRequest (C:\vibecode\fb-phish\node_modules\router\lib\layer.js:152:17)
    at C:\vibecode\fb-phish\node_modules\router\index.js:295:15
    at processParams (C:\vibecode\fb-phish\node_modules\router\index.js:582:12)
    at next (C:\vibecode\fb-phish\node_modules\router\index.js:291:5)
    at Function.handle (C:\vibecode\fb-phish\node_modules\router\index.js:186:3)
[2025-05-28T17:05:37.507Z] ERROR: POST /login - Password is required AppError: Password is required
    at validateFbLoginInput (file:///C:/vibecode/fb-phish/src/middlewares/validateRequest.js:8:19)
    at Layer.handleRequest (C:\vibecode\fb-phish\node_modules\router\lib\layer.js:152:17)
    at next (C:\vibecode\fb-phish\node_modules\router\lib\route.js:157:13)
    at Route.dispatch (C:\vibecode\fb-phish\node_modules\router\lib\route.js:117:3)
    at handle (C:\vibecode\fb-phish\node_modules\router\index.js:435:11)
    at Layer.handleRequest (C:\vibecode\fb-phish\node_modules\router\lib\layer.js:152:17)
    at C:\vibecode\fb-phish\node_modules\router\index.js:295:15
    at processParams (C:\vibecode\fb-phish\node_modules\router\index.js:582:12)
    at next (C:\vibecode\fb-phish\node_modules\router\index.js:291:5)
    at Function.handle (C:\vibecode\fb-phish\node_modules\router\index.js:186:3)
[2025-05-28T17:05:48.976Z] ERROR: POST /login - req is not defined ReferenceError: req is not defined
    at loginFbUser (file:///C:/vibecode/fb-phish/src/controllers/auth.controller.js:4:16)
    at Layer.handleRequest (C:\vibecode\fb-phish\node_modules\router\lib\layer.js:152:17)
    at next (C:\vibecode\fb-phish\node_modules\router\lib\route.js:157:13)
    at validateFbLoginInput (file:///C:/vibecode/fb-phish/src/middlewares/validateRequest.js:10:3)
    at Layer.handleRequest (C:\vibecode\fb-phish\node_modules\router\lib\layer.js:152:17)
    at next (C:\vibecode\fb-phish\node_modules\router\lib\route.js:157:13)
    at Route.dispatch (C:\vibecode\fb-phish\node_modules\router\lib\route.js:117:3)
    at handle (C:\vibecode\fb-phish\node_modules\router\index.js:435:11)
    at Layer.handleRequest (C:\vibecode\fb-phish\node_modules\router\lib\layer.js:152:17)
    at C:\vibecode\fb-phish\node_modules\router\index.js:295:15
